[0.096s] DEBUG:colcon:Command line arguments: ['/usr/bin/colcon', 'list', '-p', '--base-paths', '/home/ale/test_ws/src/sonar_oculus', '--log-base', '/dev/null']
[0.096s] DEBUG:colcon:Parsed command line arguments: Namespace(log_base=None, log_level=None, verb_name='list', build_base='build', ignore_user_meta=False, metas=['./colcon.meta'], base_paths=['/home/ale/test_ws/src/sonar_oculus', '--log-base', '/dev/null'], packages_ignore=None, packages_ignore_regex=None, paths=None, packages_up_to=None, packages_up_to_regex=None, packages_above=None, packages_above_and_dependencies=None, packages_above_depth=None, packages_select_by_dep=None, packages_skip_by_dep=None, packages_skip_up_to=None, packages_select_build_failed=False, packages_skip_build_finished=False, packages_select_test_failures=False, packages_skip_test_passed=False, packages_select=None, packages_skip=None, packages_select_regex=None, packages_skip_regex=None, packages_start=None, packages_end=None, allow_overriding=[], topological_order=False, names_only=False, paths_only=True, topological_graph=False, topological_graph_dot=False, topological_graph_density=False, topological_graph_legend=False, topological_graph_dot_cluster=False, topological_graph_dot_include_skipped=False, mixin_files=None, mixin=None, verb_parser=<colcon_mixin.mixin.mixin_argument.MixinArgumentDecorator object at 0x75db57ea63f0>, verb_extension=<colcon_package_information.verb.list.ListVerb object at 0x75db57fd1e50>, main=<bound method ListVerb.main of <colcon_package_information.verb.list.ListVerb object at 0x75db57fd1e50>>, mixin_verb=('list',))
[0.130s] Level 1:colcon.colcon_core.package_discovery:discover_packages(colcon_meta) check parameters
[0.130s] Level 1:colcon.colcon_core.package_discovery:discover_packages(recursive) check parameters
[0.130s] Level 1:colcon.colcon_core.package_discovery:discover_packages(ignore) check parameters
[0.130s] Level 1:colcon.colcon_core.package_discovery:discover_packages(path) check parameters
[0.130s] Level 1:colcon.colcon_core.package_discovery:discover_packages(recursive) discover
[0.130s] INFO:colcon.colcon_core.package_discovery:Crawling recursively for packages in '/home/ale/test_ws/src/sonar_oculus', '/home/ale/test_ws/src/sonar_oculus/--log-base', '/dev/null'
[0.130s] Level 1:colcon.colcon_core.package_identification:_identify(/home/ale/test_ws/src/sonar_oculus) by extensions ['ignore', 'ignore_ament_install']
[0.130s] Level 1:colcon.colcon_core.package_identification:_identify(/home/ale/test_ws/src/sonar_oculus) by extension 'ignore'
[0.130s] Level 1:colcon.colcon_core.package_identification:_identify(/home/ale/test_ws/src/sonar_oculus) by extension 'ignore_ament_install'
[0.130s] Level 1:colcon.colcon_core.package_identification:_identify(/home/ale/test_ws/src/sonar_oculus) by extensions ['colcon_pkg']
[0.130s] Level 1:colcon.colcon_core.package_identification:_identify(/home/ale/test_ws/src/sonar_oculus) by extension 'colcon_pkg'
[0.130s] Level 1:colcon.colcon_core.package_identification:_identify(/home/ale/test_ws/src/sonar_oculus) by extensions ['colcon_meta']
[0.130s] Level 1:colcon.colcon_core.package_identification:_identify(/home/ale/test_ws/src/sonar_oculus) by extension 'colcon_meta'
[0.130s] Level 1:colcon.colcon_core.package_identification:_identify(/home/ale/test_ws/src/sonar_oculus) by extensions ['ros']
[0.130s] Level 1:colcon.colcon_core.package_identification:_identify(/home/ale/test_ws/src/sonar_oculus) by extension 'ros'
[0.161s] DEBUG:colcon.colcon_core.package_identification:Failed to parse potential ROS package manifest in'/home/ale/test_ws/src/sonar_oculus': Error(s) in package '/home/ale/test_ws/src/sonar_oculus/package.xml':
Package 'sonar_oculus' must declare at least one maintainer
[0.162s] Level 1:colcon.colcon_core.package_identification:_identify(/home/ale/test_ws/src/sonar_oculus) by extensions ['cmake', 'python']
[0.162s] Level 1:colcon.colcon_core.package_identification:_identify(/home/ale/test_ws/src/sonar_oculus) by extension 'cmake'
[0.164s] Level 1:colcon.colcon_core.package_identification:_identify(/home/ale/test_ws/src/sonar_oculus) by extension 'python'
[0.164s] DEBUG:colcon.colcon_core.package_identification:Package '/home/ale/test_ws/src/sonar_oculus' with type 'cmake' and name 'sonar_oculus'
[0.164s] Level 1:colcon.colcon_core.package_discovery:discover_packages(recursive) using defaults
